<?xml version="1.0" encoding="utf-8"?><testsuites name="pytest tests"><testsuite name="pytest" errors="0" failures="0" skipped="0" tests="16" time="13.585" timestamp="2026-02-10T22:12:51.553556+00:00" hostname="agent-env-28d6138b-f608-44c1-9748-e51b8d605e50"><testcase classname="backend.tests.test_heirloom_api.TestHealthCheck" name="test_health_endpoint" time="0.076" /><testcase classname="backend.tests.test_heirloom_api.TestHealthCheck" name="test_root_endpoint" time="0.041" /><testcase classname="backend.tests.test_heirloom_api.TestVaultCreation" name="test_vault_creation" time="0.489" /><testcase classname="backend.tests.test_heirloom_api.TestVaultCreation" name="test_duplicate_vault_fails" time="0.524" /><testcase classname="backend.tests.test_heirloom_api.TestAuthentication" name="test_login_success" time="0.968" /><testcase classname="backend.tests.test_heirloom_api.TestAuthentication" name="test_login_wrong_password" time="0.483" /><testcase classname="backend.tests.test_heirloom_api.TestAuthentication" name="test_login_wrong_family_code" time="0.260" /><testcase classname="backend.tests.test_heirloom_api.TestAuthentication" name="test_login_nonexistent_vault" time="0.036" /><testcase classname="backend.tests.test_heirloom_api.TestJoinVault" name="test_join_vault_success" time="0.972" /><testcase classname="backend.tests.test_heirloom_api.TestJoinVault" name="test_join_with_wrong_code" time="0.265" /><testcase classname="backend.tests.test_heirloom_api.TestTTSEndpoint" name="test_tts_generate_success" time="0.819" /><testcase classname="backend.tests.test_heirloom_api.TestTTSEndpoint" name="test_tts_voices_list" time="0.031" /><testcase classname="backend.tests.test_heirloom_api.TestTTSEndpoint" name="test_tts_different_voice_types" time="7.848" /><testcase classname="backend.tests.test_heirloom_api.TestProtectedEndpoints" name="test_get_members_authenticated" time="0.578" /><testcase classname="backend.tests.test_heirloom_api.TestProtectedEndpoints" name="test_get_members_unauthenticated" time="0.042" /><testcase classname="backend.tests.test_heirloom_api.TestProtectedEndpoints" name="test_get_vault_stats" time="0.035" /></testsuite></testsuites>