<?xml version="1.0" encoding="utf-8"?><testsuites name="pytest tests"><testsuite name="pytest" errors="0" failures="0" skipped="5" tests="19" time="6.772" timestamp="2026-02-11T00:19:39.188792+00:00" hostname="agent-env-28d6138b-f608-44c1-9748-e51b8d605e50"><testcase classname="backend.tests.test_multilingual_features.TestLanguagesAPI" name="test_languages_endpoint_returns_all_indian_languages" time="0.077" /><testcase classname="backend.tests.test_multilingual_features.TestLanguagesAPI" name="test_languages_have_native_scripts" time="0.034" /><testcase classname="backend.tests.test_multilingual_features.TestLanguagesAPI" name="test_specific_languages_present" time="0.039" /><testcase classname="backend.tests.test_multilingual_features.TestLanguagesAPI" name="test_hindi_has_correct_native_script" time="0.040" /><testcase classname="backend.tests.test_multilingual_features.TestLanguagesAPI" name="test_tamil_has_correct_native_script" time="0.034" /><testcase classname="backend.tests.test_multilingual_features.TestTranslationAPI" name="test_translate_english_to_hindi" time="0.918" /><testcase classname="backend.tests.test_multilingual_features.TestTranslationAPI" name="test_translate_hindi_to_english" time="0.908" /><testcase classname="backend.tests.test_multilingual_features.TestTranslationAPI" name="test_translate_english_to_tamil" time="1.233" /><testcase classname="backend.tests.test_multilingual_features.TestTranslationAPI" name="test_translate_preserves_source_and_target" time="0.968" /><testcase classname="backend.tests.test_multilingual_features.TestInviteSystemRegression" name="test_create_invite_requires_auth" time="0.040" /><testcase classname="backend.tests.test_multilingual_features.TestInviteSystemRegression" name="test_create_invite_with_auth" time="0.000"><skipped type="pytest.skip" message="Auth setup failed">/app/backend/tests/test_multilingual_features.py:183: Auth setup failed</skipped></testcase><testcase classname="backend.tests.test_multilingual_features.TestInviteSystemRegression" name="test_validate_invite_public_endpoint" time="0.000"><skipped type="pytest.skip" message="Auth setup failed">/app/backend/tests/test_multilingual_features.py:202: Auth setup failed</skipped></testcase><testcase classname="backend.tests.test_multilingual_features.TestStoryShareRegression" name="test_create_memory_for_sharing" time="0.007"><skipped type="pytest.skip" message="Auth setup failed">/app/backend/tests/test_multilingual_features.py:229: Auth setup failed</skipped></testcase><testcase classname="backend.tests.test_multilingual_features.TestStoryShareRegression" name="test_create_share_link" time="0.000"><skipped type="pytest.skip" message="Prerequisites not met">/app/backend/tests/test_multilingual_features.py:247: Prerequisites not met</skipped></testcase><testcase classname="backend.tests.test_multilingual_features.TestStoryShareRegression" name="test_access_shared_story_public" time="0.000"><skipped type="pytest.skip" message="Share token not available">/app/backend/tests/test_multilingual_features.py:264: Share token not available</skipped></testcase><testcase classname="backend.tests.test_multilingual_features.TestTTSRegression" name="test_tts_voices_endpoint" time="0.035" /><testcase classname="backend.tests.test_multilingual_features.TestTTSRegression" name="test_tts_generate_sage_voice" time="1.232" /><testcase classname="backend.tests.test_multilingual_features.TestTTSRegression" name="test_tts_generate_hindi" time="1.088" /><testcase classname="backend.tests.test_multilingual_features.TestHealthCheck" name="test_health_endpoint" time="0.042" /></testsuite></testsuites>