<?xml version="1.0" encoding="utf-8"?><testsuites name="pytest tests"><testsuite name="pytest" errors="0" failures="0" skipped="0" tests="20" time="10.790" timestamp="2026-02-10T23:53:17.438955+00:00" hostname="agent-env-28d6138b-f608-44c1-9748-e51b8d605e50"><testcase classname="backend.tests.test_invite_share_tts.TestHealthAndLanguages" name="test_health_check" time="0.075" /><testcase classname="backend.tests.test_invite_share_tts.TestHealthAndLanguages" name="test_tts_languages_returns_15_indian_languages" time="0.040" /><testcase classname="backend.tests.test_invite_share_tts.TestHealthAndLanguages" name="test_tts_voices_includes_sage" time="0.035" /><testcase classname="backend.tests.test_invite_share_tts.TestAuthAndInvites" name="test_01_create_vault_for_invite_tests" time="0.501" /><testcase classname="backend.tests.test_invite_share_tts.TestAuthAndInvites" name="test_02_create_invite_requires_auth" time="0.036" /><testcase classname="backend.tests.test_invite_share_tts.TestAuthAndInvites" name="test_03_create_invite_success" time="0.524" /><testcase classname="backend.tests.test_invite_share_tts.TestAuthAndInvites" name="test_04_validate_invite_public" time="0.598" /><testcase classname="backend.tests.test_invite_share_tts.TestAuthAndInvites" name="test_05_validate_invalid_invite_token" time="0.036" /><testcase classname="backend.tests.test_invite_share_tts.TestAuthAndInvites" name="test_06_join_via_invite_success" time="0.780" /><testcase classname="backend.tests.test_invite_share_tts.TestAuthAndInvites" name="test_07_join_with_wrong_code_fails" time="0.553" /><testcase classname="backend.tests.test_invite_share_tts.TestAuthAndInvites" name="test_08_get_invites_list" time="0.556" /><testcase classname="backend.tests.test_invite_share_tts.TestStorySharing" name="test_01_create_story_share_link" time="0.559" /><testcase classname="backend.tests.test_invite_share_tts.TestStorySharing" name="test_02_get_shared_story_public" time="0.627" /><testcase classname="backend.tests.test_invite_share_tts.TestStorySharing" name="test_03_invalid_share_token_returns_404" time="0.036" /><testcase classname="backend.tests.test_invite_share_tts.TestStorySharing" name="test_04_heart_shared_story" time="0.608" /><testcase classname="backend.tests.test_invite_share_tts.TestStorySharing" name="test_05_revoke_share_link" time="0.622" /><testcase classname="backend.tests.test_invite_share_tts.TestTTSWithEmotion" name="test_01_tts_generate_with_emotion" time="1.073" /><testcase classname="backend.tests.test_invite_share_tts.TestTTSWithEmotion" name="test_02_tts_generate_sage_default_grandmother_tone" time="1.247" /><testcase classname="backend.tests.test_invite_share_tts.TestTTSWithEmotion" name="test_03_tts_generate_with_nostalgic_emotion" time="1.103" /><testcase classname="backend.tests.test_invite_share_tts.TestTTSWithEmotion" name="test_04_tts_generate_in_hindi" time="1.054" /></testsuite></testsuites>