<?xml version="1.0" encoding="utf-8"?><testsuites name="pytest tests"><testsuite name="pytest" errors="0" failures="0" skipped="0" tests="12" time="6.261" timestamp="2026-02-11T00:52:40.768181+00:00" hostname="agent-env-28d6138b-f608-44c1-9748-e51b8d605e50"><testcase classname="tests.test_story_creator_features.TestStoryAnalysisEndpoint" name="test_analyze_story_success" time="1.837" /><testcase classname="tests.test_story_creator_features.TestStoryAnalysisEndpoint" name="test_analyze_story_short_text" time="1.149" /><testcase classname="tests.test_story_creator_features.TestTranslationEndpoint" name="test_translate_english_to_hindi" time="0.759" /><testcase classname="tests.test_story_creator_features.TestTranslationEndpoint" name="test_translate_hindi_to_english" time="0.863" /><testcase classname="tests.test_story_creator_features.TestTranslationEndpoint" name="test_translate_english_to_tamil" time="0.789" /><testcase classname="tests.test_story_creator_features.TestLanguagesEndpoint" name="test_get_languages_returns_15_languages" time="0.056" /><testcase classname="tests.test_story_creator_features.TestLanguagesEndpoint" name="test_languages_have_native_scripts" time="0.033" /><testcase classname="tests.test_story_creator_features.TestLanguagesEndpoint" name="test_all_indian_languages_present" time="0.035" /><testcase classname="tests.test_story_creator_features.TestVoicesEndpoint" name="test_get_voices_includes_sage" time="0.034" /><testcase classname="tests.test_story_creator_features.TestVoicesEndpoint" name="test_get_voices_family_voices" time="0.034" /><testcase classname="tests.test_story_creator_features.TestAuthenticatedEndpoints" name="test_create_memory_with_multilingual_fields" time="0.563" /><testcase classname="tests.test_story_creator_features.TestHealthEndpoint" name="test_api_health" time="0.047" /></testsuite></testsuites>